<?xml version="1.0" encoding="UTF-8"?>
<testng-results ignored="0" total="1" passed="1" failed="0" skipped="0">
  <reporter-output>
  </reporter-output>
  <suite started-at="2022-11-11T12:32:26 IST" name="Default suite" finished-at="2022-11-11T12:33:43 IST" duration-ms="76861">
    <groups>
    </groups>
    <test started-at="2022-11-11T12:32:26 IST" name="Default test" finished-at="2022-11-11T12:33:43 IST" duration-ms="76861">
      <class name="final_assignment.yomail">
        <test-method is-config="true" signature="beforeMethod()[pri:0, instance:final_assignment.yomail@566d0c69]" started-at="2022-11-11T12:32:26 IST" name="beforeMethod" finished-at="2022-11-11T12:32:26 IST" duration-ms="5" status="PASS">
          <reporter-output>
          </reporter-output>
        </test-method> <!-- beforeMethod -->
        <test-method signature="f()[pri:0, instance:final_assignment.yomail@566d0c69]" started-at="2022-11-11T12:32:26 IST" name="f" finished-at="2022-11-11T12:33:43 IST" duration-ms="76790" status="PASS">
          <reporter-output>
          </reporter-output>
        </test-method> <!-- f -->
        <test-method is-config="true" signature="afterMethod()[pri:0, instance:final_assignment.yomail@566d0c69]" started-at="2022-11-11T12:33:43 IST" name="afterMethod" finished-at="2022-11-11T12:33:43 IST" duration-ms="1" status="PASS">
          <reporter-output>
          </reporter-output>
        </test-method> <!-- afterMethod -->
      </class> <!-- final_assignment.yomail -->
    </test> <!-- Default test -->
  </suite> <!-- Default suite -->
</testng-results>
